Copyright 1986-2018 Xilinx, Inc. All Rights Reserved.
-------------------------------------------------------------------------------------------------
| Tool Version : Vivado v.2018.2 (win64) Build 2258646 Thu Jun 14 20:03:12 MDT 2018
| Date         : Thu Aug 18 08:10:07 2022
| Host         : Akmal-Computer running 64-bit major release  (build 9200)
| Command      : report_control_sets -verbose -file Nano_Processor_7_seg_control_sets_placed.rpt
| Design       : Nano_Processor_7_seg
| Device       : xc7a35t
-------------------------------------------------------------------------------------------------

Control Set Information

Table of Contents
-----------------
1. Summary
2. Histogram
3. Flip-Flop Distribution
4. Detailed Control Set Information

1. Summary
----------

+----------------------------------------------------------+-------+
|                          Status                          | Count |
+----------------------------------------------------------+-------+
| Number of unique control sets                            |     7 |
| Unused register locations in slices containing registers |     6 |
+----------------------------------------------------------+-------+


2. Histogram
------------

+--------+--------------+
| Fanout | Control Sets |
+--------+--------------+
|      6 |            2 |
|      8 |            4 |
|    16+ |            1 |
+--------+--------------+


3. Flip-Flop Distribution
-------------------------

+--------------+-----------------------+------------------------+-----------------+--------------+
| Clock Enable | Synchronous Set/Reset | Asynchronous Set/Reset | Total Registers | Total Slices |
+--------------+-----------------------+------------------------+-----------------+--------------+
| No           | No                    | No                     |              12 |            2 |
| No           | No                    | Yes                    |              32 |            9 |
| No           | Yes                   | No                     |              62 |            8 |
| Yes          | No                    | No                     |               0 |            0 |
| Yes          | No                    | Yes                    |               0 |            0 |
| Yes          | Yes                   | No                     |               0 |            0 |
+--------------+-----------------------+------------------------+-----------------+--------------+


4. Detailed Control Set Information
-----------------------------------

+-----------------------------------+---------------+------------------------------------------------+------------------+----------------+
|            Clock Signal           | Enable Signal |                Set/Reset Signal                | Slice Load Count | Bel Load Count |
+-----------------------------------+---------------+------------------------------------------------+------------------+----------------+
|  NanoProcessor/slow_clock_0/Q_reg |               |                                                |                1 |              6 |
|  Clk_IBUF_BUFG                    |               |                                                |                1 |              6 |
|  NanoProcessor/slow_clock_0/Q_reg |               | Reset_IBUF                                     |                3 |              8 |
|  NanoProcessor/slow_clock_0/Q_reg |               | NanoProcessor/Program_Counter_0/D_FF_1/Q_reg_2 |                3 |              8 |
|  NanoProcessor/slow_clock_0/Q_reg |               | NanoProcessor/Program_Counter_0/D_FF_1/Q_reg_1 |                2 |              8 |
|  NanoProcessor/slow_clock_0/Q_reg |               | NanoProcessor/Program_Counter_0/D_FF_1/Q_reg_3 |                1 |              8 |
|  Clk_IBUF_BUFG                    |               | NanoProcessor/slow_clock_0/count[31]_i_1_n_0   |                8 |             62 |
+-----------------------------------+---------------+------------------------------------------------+------------------+----------------+


